2022/11/10 15:57:52.196  [I]  Logged user super_admin lang:en-US : Hello 
2022/11/10 15:57:52.203  [I]  Index controller
2022/11/10 16:05:24.132  [I]  Logged user super_admin lang:en-US : Hello 
2022/11/10 16:05:24.136  [I]  Index controller
2022/11/11 10:58:36.235  [I]  Logged user super_admin lang:en-US : Hello 
2022/11/11 10:58:36.241  [I]  Index controller
2022/11/11 11:05:14.556  [I]  Logged user super_admin lang:en-US : Hello 
2022/11/11 11:05:14.563  [I]  Index controller
2022/11/11 11:07:28.532  [I]  Logged user super_admin lang:en-US : Hello 
2022/11/11 11:07:28.537  [I]  Index controller
2022/11/11 11:10:20.761  [I]  Logged user super_admin lang:en-US : Hello 
2022/11/11 11:10:20.769  [I]  Index controller
2022/11/11 11:17:38.438  [I]  Logged user super_admin lang:en-US : Hello 
2022/11/11 11:17:38.443  [I]  Index controller
2022/11/11 11:24:37.275  [I]  Logged user super_admin lang:en-US : Hello 
2022/11/11 11:24:37.283  [I]  Index controller
2022/11/11 11:35:24.228  [I]  Logged user super_admin lang:en-US : Hello 
2022/11/11 11:35:24.233  [I]  Index controller
2022/11/11 11:39:56.568  [I]  Logged user super_admin lang:en-US : Hello 
2022/11/11 11:39:56.574  [I]  Index controller
2022/11/11 12:05:45.570  [I]  Logged user super_admin lang:en-US : Hello 
2022/11/11 12:05:45.574  [I]  Index controller
2022/11/11 13:47:42.301  [I]  Logged user super_admin lang:en-US : Hello 
2022/11/11 13:47:42.305  [I]  Index controller
2022/11/11 14:06:51.918  [I]  Logged user super_admin lang:en-US : Hello 
2022/11/11 14:06:51.923  [I]  Index controller
2022/11/11 14:07:50.494  [I]  Logged user super_admin lang:en-US : Hello 
2022/11/11 14:07:50.499  [I]  Index controller
2022/11/11 14:13:10.856  [I]  Logged user super_admin lang:en-US : Hello 
2022/11/11 14:13:10.866  [I]  Index controller
2022/11/11 14:29:42.872  [I]  Logged user super_admin lang:en-US : Hello 
2022/11/11 14:29:42.879  [I]  Index controller
2022/11/11 14:31:27.382  [I]  Logged user super_admin lang:en-US : Hello 
2022/11/11 14:31:27.389  [I]  Index controller
2022/11/11 14:33:54.859  [I]  Logged user super_admin lang:en-US : Hello 
2022/11/11 14:33:54.866  [I]  Index controller
2022/11/11 14:34:58.904  [I]  Logged user super_admin lang:en-US : Hello 
2022/11/11 14:34:58.911  [I]  Index controller
2022/11/11 14:37:26.431  [I]  Logged user super_admin lang:en-US : Hello 
2022/11/11 14:37:26.436  [I]  Index controller
2022/11/11 15:44:50.608  [I]  Logged user super_admin lang:en-US : Hello 
2022/11/11 15:44:50.612  [I]  Index controller
2022/11/11 15:47:13.107  [I]  Index controller
2022/11/11 15:47:13.241  [I]  Index controller
2022/11/11 15:52:58.632  [I]  Logged user super_admin lang:en-US : Hello 
2022/11/11 15:52:58.637  [I]  Index controller
2022/11/11 16:09:47.587  [I]  Logged user super_admin lang:en-US : Hello 
2022/11/11 16:09:47.592  [I]  Index controller
2022/11/11 16:21:33.169  [I]  Logged user super_admin lang:en-US : Hello 
2022/11/11 16:21:33.174  [I]  Index controller
2022/11/11 16:29:52.416  [I]  Logged user super_admin lang:en-US : Hello 
2022/11/11 16:29:52.421  [I]  Index controller
2022/11/11 16:31:53.458  [I]  Logged user super_admin lang:en-US : Hello 
2022/11/11 16:31:53.463  [I]  Index controller
2022/11/11 16:32:17.599  [I]  Index controller
2022/11/11 16:32:17.764  [I]  Index controller
2022/11/11 16:32:39.497  [I]  Index controller
2022/11/11 16:49:05.697  [I]  Logged user super_admin lang:en-US : Hello 
2022/11/11 16:49:05.702  [I]  Index controller
2022/11/12 15:41:17.300  [I]  Logged user super_admin lang:en-US : Hello 
2022/11/12 15:41:17.314  [I]  Index controller
2022/11/13 16:52:25.812  [I]  Logged user super_admin lang:en-US : Hello 
2022/11/13 16:52:25.819  [I]  Index controller
2022/11/14 09:05:38.353  [I]  Logged user super_admin lang:en-US : Hello 
2022/11/14 09:05:38.360  [I]  Index controller
2022/11/14 10:11:50.555  [I]  Logged user super_admin lang:en-US : Hello 
2022/11/14 13:08:59.535  [I]  Logged user super_admin lang:en-US : Hello 
2022/11/14 13:08:59.541  [I]  Index controller
2022/11/14 13:40:41.380  [I]  Logged user super_admin lang:en-US : Hello 
2022/11/14 13:40:41.386  [I]  Index controller
2022/11/14 14:11:58.053  [I]  Logged user super_admin lang:en-US : Hello 
2022/11/14 14:11:58.062  [I]  Index controller
2022/11/14 15:33:16.723  [I]  Logged user super_admin lang:en-US : Hello 
2022/11/14 15:33:16.729  [I]  Index controller
2022/11/14 15:34:45.549  [I]  Logged user super_admin lang:en-US : Hello 
2022/11/14 15:34:45.558  [I]  Index controller
2022/11/14 16:55:01.431  [I]  Logged user super_admin lang:en-US : Hello 
2022/11/14 16:55:01.437  [I]  Index controller
2022/11/14 16:58:16.132  [I]  Logged user super_admin lang:en-US : Hello 
2022/11/14 16:58:16.136  [I]  Index controller
2022/11/14 17:00:51.555  [I]  Logged user super_admin lang:en-US : Hello 
2022/11/14 17:00:51.561  [I]  Index controller
2022/11/14 17:01:44.842  [I]  Logged user super_admin lang:en-US : Hello 
2022/11/14 17:01:44.852  [I]  Index controller
2022/11/14 17:18:46.176  [I]  Logged user super_admin lang:en-US : Hello 
2022/11/14 17:18:46.181  [I]  Index controller
2022/11/15 09:01:08.299  [I]  Logged user super_admin lang:en-US : Hello 
2022/11/15 09:01:08.319  [I]  Index controller
2022/11/15 09:04:15.000  [I]  Logged user super_admin lang:en-US : Hello 
2022/11/15 09:04:15.006  [I]  Index controller
2022/11/15 09:11:23.004  [I]  Logged user super_admin lang:en-US : Hello 
2022/11/15 09:11:23.009  [I]  Index controller
2022/11/15 09:12:46.613  [I]  Logged user super_admin lang:en-US : Hello 
2022/11/15 09:12:46.621  [I]  Index controller
2022/11/15 09:13:57.489  [I]  Logged user super_admin lang:en-US : Hello 
2022/11/15 09:13:57.494  [I]  Index controller
2022/11/15 09:23:13.116  [I]  Logged user super_admin lang:en-US : Hello 
2022/11/15 09:23:13.121  [I]  Index controller
2022/11/15 09:25:01.683  [I]  Logged user super_admin lang:en-US : Hello 
2022/11/15 09:25:01.688  [I]  Index controller
2022/11/15 09:26:45.979  [I]  Logged user super_admin lang:en-US : Hello 
2022/11/15 09:26:45.988  [I]  Index controller
2022/11/15 09:28:42.189  [I]  Logged user super_admin lang:en-US : Hello 
2022/11/15 09:28:42.198  [I]  Index controller
2022/11/15 09:33:02.094  [I]  Logged user super_admin lang:en-US : Hello 
2022/11/15 09:33:02.098  [I]  Index controller
2022/11/15 09:33:49.874  [I]  Logged user super_admin lang:en-US : Hello 
2022/11/15 09:33:49.879  [I]  Index controller
2022/11/15 09:41:01.744  [I]  Logged user super_admin lang:en-US : Hello 
2022/11/15 09:41:01.749  [I]  Index controller
2022/11/15 09:42:09.263  [I]  Logged user super_admin lang:en-US : Hello 
2022/11/15 09:42:09.267  [I]  Index controller
2022/11/15 09:45:27.864  [I]  Logged user super_admin lang:en-US : Hello 
2022/11/15 09:45:27.869  [I]  Index controller
2022/11/15 09:46:20.464  [I]  Logged user super_admin lang:en-US : Hello 
2022/11/15 09:46:20.471  [I]  Index controller
2022/11/15 09:47:10.728  [I]  Logged user super_admin lang:en-US : Hello 
2022/11/15 09:47:10.732  [I]  Index controller
2022/11/15 09:50:44.583  [I]  Logged user super_admin lang:en-US : Hello 
2022/11/15 09:50:44.587  [I]  Index controller
2022/11/15 09:51:27.472  [I]  Logged user super_admin lang:en-US : Hello 
2022/11/15 09:51:27.479  [I]  Index controller
2022/11/15 09:53:07.098  [I]  Logged user super_admin lang:en-US : Hello 
2022/11/15 09:53:07.102  [I]  Index controller
2022/11/15 09:58:07.309  [I]  Logged user super_admin lang:en-US : Hello 
2022/11/15 09:58:07.313  [I]  Index controller
2022/11/15 10:01:35.076  [I]  Logged user super_admin lang:en-US : Hello 
2022/11/15 10:01:35.081  [I]  Index controller
2022/11/15 10:02:26.112  [I]  Logged user super_admin lang:en-US : Hello 
2022/11/15 10:02:26.116  [I]  Index controller
2022/11/15 10:03:27.981  [I]  Logged user super_admin lang:en-US : Hello 
2022/11/15 10:03:27.986  [I]  Index controller
2022/11/15 10:03:33.517  [I]  Index controller
2022/11/15 10:06:07.047  [I]  Logged user super_admin lang:en-US : Hello 
2022/11/15 10:06:07.051  [I]  Index controller
2022/11/15 10:06:13.335  [I]  Index controller
2022/11/15 10:10:46.701  [I]  Logged user super_admin lang:en-US : Hello 
2022/11/15 10:10:46.706  [I]  Index controller
2022/11/15 10:10:53.631  [I]  Index controller
2022/11/15 10:26:39.290  [I]  Index controller
2022/11/15 12:09:20.461  [I]  Logged user super_admin lang:en-US : Hello 
2022/11/15 12:09:20.469  [I]  Index controller
2022/11/15 12:09:30.972  [I]  Index controller
2022/11/15 12:09:58.075  [I]  Index controller
2022/11/15 12:16:12.369  [I]  Logged user super_admin lang:en-US : Hello 
2022/11/15 12:16:12.374  [I]  Index controller
2022/11/15 12:16:23.638  [I]  Index controller
2022/11/15 12:17:13.878  [I]  Logged user super_admin lang:en-US : Hello 
2022/11/15 12:17:13.882  [I]  Index controller
2022/11/15 12:17:24.119  [I]  Index controller
2022/11/15 12:19:42.294  [I]  Logged user super_admin lang:en-US : Hello 
2022/11/15 12:19:42.298  [I]  Index controller
2022/11/15 12:19:51.887  [I]  Index controller
2022/11/15 12:22:32.090  [I]  Logged user super_admin lang:en-US : Hello 
2022/11/15 12:22:32.094  [I]  Index controller
2022/11/15 12:48:06.546  [I]  Logged user super_admin lang:en-US : Hello 
2022/11/15 12:48:06.553  [I]  Index controller
2022/11/15 12:48:12.679  [I]  Index controller
2022/11/15 12:50:19.023  [I]  Logged user super_admin lang:en-US : Hello 
2022/11/15 12:50:19.027  [I]  Index controller
2022/11/15 12:50:28.892  [I]  Index controller
2022/11/15 12:58:17.585  [I]  Logged user super_admin lang:en-US : Hello 
2022/11/15 12:58:17.591  [I]  Index controller
2022/11/15 12:58:26.342  [I]  Index controller
2022/11/15 13:07:45.588  [I]  Logged user super_admin lang:en-US : Hello 
2022/11/15 13:07:45.593  [I]  Index controller
2022/11/15 13:10:13.675  [I]  Logged user super_admin lang:en-US : Hello 
2022/11/15 13:10:13.680  [I]  Index controller
2022/11/15 13:57:00.423  [I]  Logged user super_admin lang:en-US : Hello 
2022/11/15 13:57:00.427  [I]  Index controller
2022/11/15 13:57:11.057  [I]  Index controller
2022/11/15 13:58:19.482  [I]  Logged user super_admin lang:en-US : Hello 
2022/11/15 13:58:19.487  [I]  Index controller
2022/11/15 13:58:29.489  [I]  Index controller
2022/11/15 14:00:20.809  [I]  Index controller
2022/11/15 14:00:32.987  [I]  Index controller
2022/11/15 15:08:35.271  [I]  Logged user super_admin lang:en-US : Hello 
2022/11/15 15:08:35.420  [I]  Index controller
2022/11/15 15:08:50.760  [I]  Index controller
2022/11/15 15:09:23.955  [I]  Logged user super_admin lang:en-US : Hello 
2022/11/15 15:09:24.060  [I]  Index controller
2022/11/15 15:09:32.145  [I]  Index controller
2022/11/16 13:18:40.598  [I]  Logged user super_admin lang:en-US : Hello 
2022/11/16 13:18:40.614  [I]  Index controller
2022/11/16 13:35:01.628  [I]  Logged user super_admin lang:en-US : Hello 
2022/11/16 13:35:01.632  [I]  Index controller
2022/11/16 13:41:06.666  [I]  Logged user super_admin lang:en-US : Hello 
2022/11/16 13:41:06.670  [I]  Index controller
2022/11/16 13:42:03.514  [I]  Logged user super_admin lang:en-US : Hello 
2022/11/16 13:42:03.518  [I]  Index controller
2022/11/16 13:42:22.443  [I]  Index controller
2022/11/16 13:45:57.487  [I]  Logged user super_admin lang:en-US : Hello 
2022/11/16 13:45:57.493  [I]  Index controller
2022/11/16 13:50:59.564  [I]  Logged user super_admin lang:en-US : Hello 
2022/11/16 13:50:59.570  [I]  Index controller
2022/11/16 14:13:27.363  [I]  Logged user super_admin lang:en-US : Hello 
2022/11/16 14:13:27.368  [I]  Index controller
2022/11/16 14:51:09.822  [I]  Logged user super_admin lang:en-US : Hello 
2022/11/16 14:51:09.835  [I]  Index controller
2022/11/16 15:18:28.981  [I]  Logged user super_admin lang:en-US : Hello 
2022/11/16 15:18:28.988  [I]  Index controller
2022/11/16 15:33:05.606  [I]  Logged user super_admin lang:en-US : Hello 
2022/11/16 15:33:07.504  [I]  Index controller
2022/11/16 15:52:18.120  [I]  Logged user super_admin lang:en-US : Hello 
2022/11/16 15:52:18.150  [I]  Index controller
2022/11/16 15:53:56.140  [I]  Logged user super_admin lang:en-US : Hello 
2022/11/16 15:54:43.872  [I]  Logged user super_admin lang:en-US : Hello 
2022/11/16 15:54:43.877  [I]  Index controller
2022/11/16 16:06:51.512  [I]  Logged user super_admin lang:en-US : Hello 
2022/11/16 16:06:51.518  [I]  Index controller
2022/11/16 16:07:29.695  [I]  Logged user super_admin lang:ro-RO : Hello 
2022/11/16 16:07:29.702  [I]  Index controller
2022/11/17 11:04:43.504  [I]  Logged user super_admin lang:ro-RO : Hello 
2022/11/17 11:04:43.524  [I]  Index controller
2022/11/17 11:47:53.526  [I]  Index controller
2022/11/17 11:47:53.773  [I]  Index controller
2022/11/17 12:50:37.532  [I]  Logged user super_admin lang:ro-RO : Hello 
2022/11/17 12:50:37.552  [I]  Index controller
2022/11/17 12:57:29.427  [I]  Logged user super_admin lang:ro-RO : Hello 
2022/11/17 12:57:29.451  [I]  Index controller
2022/11/17 13:11:59.184  [I]  Logged user super_admin lang:ro-RO : Hello 
2022/11/17 13:11:59.212  [I]  Index controller
2022/11/17 13:15:30.277  [I]  Logged user super_admin lang:ro-RO : Hello 
2022/11/17 13:15:30.286  [I]  Index controller
2022/11/17 13:19:10.813  [I]  Logged user super_admin lang:ro-RO : Hello 
2022/11/17 13:19:10.820  [I]  Index controller
2022/11/17 13:43:35.844  [I]  Logged user super_admin lang:ro-RO : Hello 
2022/11/17 13:43:35.871  [I]  Index controller
2022/11/17 13:45:53.642  [I]  Logged user super_admin lang:ro-RO : Hello 
2022/11/17 13:45:53.651  [I]  Index controller
2022/11/17 13:50:57.270  [I]  Logged user super_admin lang:ro-RO : Hello 
2022/11/17 13:50:57.275  [I]  Index controller
2022/11/17 14:20:53.851  [I]  Logged user super_admin lang:en-US : Hello 
2022/11/17 14:20:53.865  [I]  Index controller
2022/11/17 14:41:39.895  [I]  Logged user super_admin lang:en-US : Hello 
2022/11/17 14:41:39.917  [I]  Index controller
2022/11/17 14:44:48.556  [I]  Logged user super_admin lang:en-US : Hello 
2022/11/17 14:44:48.573  [I]  Index controller
2022/11/17 14:48:55.129  [I]  Logged user super_admin lang:en-US : Hello 
2022/11/17 14:48:55.156  [I]  Index controller
2022/11/17 14:56:05.228  [I]  Logged user super_admin lang:en-US : Hello 
2022/11/17 14:56:05.237  [I]  Index controller
2022/11/17 15:12:24.276  [I]  Logged user super_admin lang:en-US : Hello 
2022/11/17 15:12:24.284  [I]  Index controller
2022/11/17 15:20:42.522  [I]  Logged user super_admin lang:en-US : Hello 
2022/11/17 15:20:42.531  [I]  Index controller
2022/11/17 15:34:17.638  [I]  Logged user super_admin lang:en-US : Hello 
2022/11/17 15:34:17.650  [I]  Index controller
2022/11/17 15:40:27.379  [I]  Logged user super_admin lang:en-US : Hello 
2022/11/17 15:40:27.386  [I]  Index controller
2022/11/17 15:45:14.601  [I]  Logged user super_admin lang:en-US : Hello 
2022/11/17 15:45:14.606  [I]  Index controller
2022/11/17 15:47:11.377  [I]  Logged user super_admin lang:en-US : Hello 
2022/11/17 15:47:11.382  [I]  Index controller
2022/11/17 15:53:36.630  [I]  Logged user super_admin lang:en-US : Hello 
2022/11/17 15:53:36.654  [I]  Index controller
2022/11/17 16:49:44.789  [I]  Logged user super_admin lang:en-US : Hello 
2022/11/17 16:49:44.827  [I]  Index controller
2022/11/17 16:55:11.539  [I]  Logged user super_admin lang:en-US : Hello 
2022/11/17 16:55:11.565  [I]  Index controller
2022/11/17 16:57:08.654  [I]  Logged user super_admin lang:en-US : Hello 
2022/11/17 16:57:08.665  [I]  Index controller
2022/11/17 17:09:51.155  [I]  Logged user super_admin lang:en-US : Hello 
2022/11/17 17:09:51.165  [I]  Index controller
2022/11/17 17:11:40.489  [I]  Logged user super_admin lang:en-US : Hello 
2022/11/17 17:11:40.495  [I]  Index controller
2022/11/17 17:15:17.149  [I]  Logged user super_admin lang:en-US : Hello 
2022/11/17 17:15:17.164  [I]  Index controller
2022/11/18 08:25:53.103  [I]  Logged user super_admin lang:en-US : Hello 
2022/11/18 08:25:53.131  [I]  Index controller
2022/11/18 08:31:16.237  [I]  Logged user super_admin lang:en-US : Hello 
2022/11/18 08:31:16.242  [I]  Index controller
2022/11/18 08:38:39.709  [I]  Index controller
2022/11/18 10:46:37.227  [I]  Logged user super_admin lang:en-US : Hello 
2022/11/18 10:46:37.232  [I]  Index controller
2022/11/18 14:35:16.094  [I]  Logged user super_admin lang:en-US : Hello 
2022/11/18 14:35:16.101  [I]  Index controller
2022/11/18 14:37:08.404  [I]  Logged user super_admin lang:en-US : Hello 
2022/11/18 14:37:08.426  [I]  Index controller
2022/11/21 08:58:15.578  [I]  Logged user super_admin lang:en-US : Hello 
2022/11/21 08:58:15.604  [I]  Index controller
2022/11/21 09:15:57.276  [I]  Logged user super_admin lang:en-US : Hello 
2022/11/21 09:15:57.285  [I]  Index controller
2022/11/21 09:17:47.518  [I]  Logged user super_admin lang:en-US : Hello 
2022/11/21 09:17:47.525  [I]  Index controller
2022/11/21 09:36:44.962  [I]  Logged user super_admin lang:en-US : Hello 
2022/11/21 09:36:44.969  [I]  Index controller
2022/11/21 11:37:52.887  [I]  Logged user super_admin lang:en-US : Hello 
2022/11/21 11:37:52.891  [I]  Index controller
2022/11/21 11:39:21.508  [I]  Index controller
2022/11/21 11:40:23.811  [I]  Logged user super_admin lang:en-US : Hello 
2022/11/21 11:40:23.816  [I]  Index controller
2022/11/21 11:43:08.379  [I]  Logged user super_admin lang:en-US : Hello 
2022/11/21 11:43:08.388  [I]  Index controller
2022/11/21 11:49:23.066  [I]  Logged user super_admin lang:en-US : Hello 
2022/11/21 11:49:23.070  [I]  Index controller
2022/11/21 11:51:02.008  [I]  Logged user super_admin lang:en-US : Hello 
2022/11/21 11:51:02.016  [I]  Index controller
2022/11/21 11:53:05.800  [I]  Logged user super_admin lang:en-US : Hello 
2022/11/21 11:53:05.808  [I]  Index controller
2022/11/21 11:55:31.268  [I]  Logged user super_admin lang:en-US : Hello 
2022/11/21 11:55:31.273  [I]  Index controller
2022/11/21 13:05:30.547  [I]  Logged user super_admin lang:en-US : Hello 
2022/11/21 13:05:30.551  [I]  Index controller
2022/11/21 13:06:56.889  [I]  Logged user super_admin lang:en-US : Hello 
2022/11/21 13:06:56.896  [I]  Index controller
2022/11/21 13:07:38.389  [I]  Logged user super_admin lang:en-US : Hello 
2022/11/21 13:07:38.395  [I]  Index controller
2022/11/21 13:19:35.496  [I]  Logged user super_admin lang:en-US : Hello 
2022/11/21 13:19:35.504  [I]  Index controller
2022/11/21 13:21:38.221  [I]  Logged user super_admin lang:en-US : Hello 
2022/11/21 13:21:38.226  [I]  Index controller
2022/11/21 15:43:35.763  [I]  Logged user super_admin lang:en-US : Hello 
2022/11/21 15:43:35.768  [I]  Index controller
2022/11/22 08:52:35.147  [I]  Logged user super_admin lang:en-US : Hello 
2022/11/22 08:52:35.165  [I]  Index controller
2022/11/23 15:48:37.714  [I]  Logged user super_admin lang:en-US : Hello 
2022/11/23 15:48:37.729  [I]  Index controller
2022/11/23 15:48:50.804  [I]  Index controller
2022/11/23 15:50:04.406  [I]  Logged user super_admin lang:en-US : Hello 
2022/11/23 15:50:04.410  [I]  Index controller
2022/11/23 15:51:18.458  [I]  Logged user super_admin lang:en-US : Hello 
2022/11/23 15:51:18.464  [I]  Index controller
2022/11/23 16:22:42.039  [I]  Logged user super_admin lang:en-US : Salut 
2022/11/23 16:22:42.044  [I]  Index controller
2022/11/23 16:29:36.660  [I]  Logged user super_admin lang:en-US : Salut 
2022/11/23 16:29:36.669  [I]  Index controller
2022/11/23 16:31:35.753  [I]  Logged user super_admin lang:en-US : Salut 
2022/11/23 16:31:35.759  [I]  Index controller
2022/11/23 16:33:11.370  [I]  Logged user super_admin lang:en-US : Salut 
2022/11/23 16:33:11.377  [I]  Index controller
2022/11/23 16:35:59.471  [I]  Logged user super_admin lang:en-US : Salut 
2022/11/23 16:35:59.477  [I]  Index controller
2022/11/23 16:46:32.869  [I]  Logged user super_admin lang:en-US : Salut 
2022/11/23 16:46:32.876  [I]  Index controller
2022/11/23 17:15:48.635  [I]  Logged user super_admin lang:en-US : Salut 
2022/11/23 17:15:48.639  [I]  Index controller
2022/11/23 17:20:30.514  [I]  Logged user super_admin lang:en-US : Salut 
2022/11/23 17:20:30.522  [I]  Index controller
2022/11/23 17:24:08.681  [I]  Logged user super_admin lang:en-US : Salut 
2022/11/23 17:24:08.686  [I]  Index controller
2022/11/23 17:26:33.683  [I]  Logged user super_admin lang:en-US : Salut 
2022/11/23 17:26:33.690  [I]  Index controller
2022/11/23 17:37:10.396  [I]  Logged user super_admin lang:en-US : Salut 
2022/11/23 17:37:10.403  [I]  Index controller
2022/11/23 17:39:49.148  [I]  Logged user super_admin lang:en-US : Salut 
2022/11/23 17:39:49.154  [I]  Index controller
2022/11/25 12:58:38.295  [I]  Logged user super_admin lang:en-US : Salut 
2022/11/25 12:58:38.315  [I]  Index controller
2022/11/25 13:44:58.003  [I]  Logged user super_admin lang:en-US : Salut 
2022/11/25 13:44:58.012  [I]  Index controller
2022/11/25 13:48:45.445  [I]  Logged user super_admin lang:en-US : Salut 
2022/11/25 13:48:45.450  [I]  Index controller
2022/11/25 13:51:09.414  [I]  Logged user super_admin lang:en-US : Salut 
2022/11/25 13:51:09.421  [I]  Index controller
2022/11/25 13:55:00.000  [I]  Logged user super_admin lang:ro-RO : Salut 
2022/11/25 13:55:00.004  [I]  Index controller
2022/11/25 14:03:43.275  [I]  Logged user super_admin lang:ro-RO : Salut 
2022/11/25 14:03:43.284  [I]  Index controller
2022/11/25 14:07:02.724  [I]  Logged user super_admin lang:ro-RO : Salut 
2022/11/25 14:07:02.732  [I]  Index controller
2022/11/25 14:08:05.150  [I]  Logged user super_admin lang:ro-RO : Salut 
2022/11/25 14:08:11.474  [I]  Logged user super_admin lang:ro-RO : Salut 
2022/11/25 14:08:11.479  [I]  Index controller
2022/11/25 14:09:57.458  [I]  Logged user super_admin lang:ro-RO : Salut 
2022/11/25 14:09:57.465  [I]  Index controller
2022/11/25 14:11:00.831  [I]  Logged user super_admin lang:ro-RO : Salut 
2022/11/25 14:11:00.837  [I]  Index controller
2022/11/25 14:13:09.640  [I]  Logged user super_admin lang:ro-RO : Salut 
2022/11/25 14:13:09.645  [I]  Index controller
2022/11/25 14:14:27.476  [I]  Logged user super_admin lang:ro-RO : Salut 
2022/11/25 14:14:27.481  [I]  Index controller
2022/11/25 14:20:48.022  [I]  Logged user super_admin lang:ro-RO : Salut 
2022/11/25 14:20:48.032  [I]  Index controller
2022/11/25 14:22:13.282  [I]  Logged user super_admin lang:ro-RO : Salut 
2022/11/25 14:22:13.290  [I]  Index controller
2022/11/25 14:24:57.224  [I]  Logged user super_admin lang:ro-RO : Salut 
2022/11/25 14:24:57.229  [I]  Index controller
2022/11/25 14:26:41.300  [I]  Logged user super_admin lang:ro-RO : Salut 
2022/11/25 14:26:41.305  [I]  Index controller
2022/11/25 14:37:19.480  [I]  Logged user super_admin lang:ro-RO : Salut 
2022/11/25 14:37:19.485  [I]  Index controller
2022/11/25 17:07:03.737  [I]  Logged user super_admin lang:ro-RO : Salut 
2022/11/25 17:07:03.747  [I]  Index controller
2022/11/28 10:17:22.117  [I]  Logged user super_admin lang:ro-RO : Salut 
2022/11/28 10:17:22.133  [I]  Index controller
2022/11/28 10:23:45.838  [I]  Index controller
2022/11/28 10:24:18.543  [I]  Index controller
2022/11/29 13:44:03.439  [I]  Logged user super_admin lang:ro-RO : Salut 
2022/11/29 13:44:10.498  [I]  Logged user super_admin lang:ro-RO : Salut 
2022/11/29 13:44:10.504  [I]  Index controller
2022/11/29 14:34:06.816  [I]  Logged user super_admin lang:ro-RO : Salut 
2022/11/29 14:34:06.822  [I]  Index controller
2022/11/29 14:34:31.874  [I]  Index controller
2022/11/29 14:34:44.129  [I]  Index controller
2022/11/29 15:18:44.528  [I]  Logged user super_admin lang:ro-RO : Salut 
2022/11/29 15:18:44.533  [I]  Index controller
2022/11/29 15:19:06.674  [I]  Index controller
2022/12/05 09:09:56.284  [I]  Logged user super_admin lang:ro-RO : Salut 
2022/12/05 09:09:56.321  [I]  Index controller
2022/12/05 09:54:52.437  [I]  Logged user super_admin lang:ro-RO : Salut 
2022/12/05 09:54:52.451  [I]  Index controller
2022/12/05 11:24:22.960  [I]  Logged user super_admin lang:ro-RO : Salut 
2022/12/05 11:24:22.964  [I]  Index controller
2022/12/05 12:33:43.704  [I]  Index controller
2022/12/05 12:46:15.622  [I]  Logged user super_admin lang:ro-RO : Salut 
2022/12/05 12:46:21.215  [I]  Logged user super_admin lang:ro-RO : Salut 
2022/12/05 12:46:36.822  [I]  Logged user super_admin lang:ro-RO : Salut 
2022/12/05 12:46:46.755  [I]  Logged user super_admin lang:ro-RO : Salut 
2022/12/05 12:46:46.917  [I]  Index controller
2022/12/05 14:41:29.530  [I]  Logged user super_admin lang:ro-RO : Salut 
2022/12/05 14:41:29.535  [I]  Index controller
2022/12/05 15:26:08.971  [I]  Logged user super_admin lang:ro-RO : Salut 
2022/12/05 15:26:08.976  [I]  Index controller
2022/12/05 15:27:54.990  [I]  Logged user super_admin lang:ro-RO : Salut 
2022/12/05 15:27:54.995  [I]  Index controller
2022/12/05 15:29:15.353  [I]  Logged user super_admin lang:ro-RO : Salut 
2022/12/05 15:29:15.360  [I]  Index controller
2022/12/05 16:12:25.791  [I]  Logged user super_admin lang:ro-RO : Salut 
2022/12/05 16:12:25.798  [I]  Index controller
2022/12/07 14:15:51.654  [I]  Logged user super_admin lang:ro-RO : Salut 
2022/12/07 14:15:51.863  [I]  Index controller
2022/12/07 15:00:50.211  [I]  Logged user super_admin lang:ro-RO : Salut 
2022/12/07 15:00:50.220  [I]  Index controller
2022/12/07 15:01:11.793  [I]  Index controller
2022/12/07 15:17:19.968  [I]  Index controller
2022/12/07 17:08:06.113  [I]  Logged user super_admin lang:ro-RO : Salut 
2022/12/07 17:08:06.125  [I]  Index controller
2022/12/08 11:01:01.104  [I]  Logged user super_admin lang:ro-RO : Salut 
2022/12/08 11:01:01.124  [I]  Index controller
2022/12/08 13:29:14.663  [I]  Logged user super_admin lang:ro-RO : Salut 
2022/12/08 13:29:14.671  [I]  Index controller
2022/12/08 13:31:19.730  [I]  Logged user super_admin lang:ro-RO : Salut 
2022/12/08 13:31:19.742  [I]  Index controller
2022/12/08 13:37:26.800  [I]  Logged user super_admin lang:ro-RO : Salut 
2022/12/08 13:37:26.841  [I]  Index controller
2022/12/08 13:40:04.314  [I]  Logged user super_admin lang:ro-RO : Salut 
2022/12/08 13:40:04.322  [I]  Index controller
2022/12/08 13:53:12.244  [I]  Logged user super_admin lang:ro-RO : Salut 
2022/12/08 13:53:18.950  [I]  Logged user super_admin lang:ro-RO : Salut 
2022/12/08 13:53:18.958  [I]  Index controller
2022/12/08 14:03:59.313  [I]  Index controller
2022/12/08 14:04:12.638  [I]  Index controller
2022/12/08 14:05:30.012  [I]  Index controller
2022/12/08 14:05:37.741  [I]  Index controller
2022/12/08 14:06:50.102  [I]  Index controller
2022/12/08 14:06:55.847  [I]  Index controller
2022/12/08 14:06:56.026  [I]  Index controller
2022/12/08 14:07:02.495  [I]  Index controller
2022/12/08 14:07:14.511  [I]  Index controller
2022/12/08 14:07:37.175  [I]  Logged user super_admin lang:ro-RO : Salut 
2022/12/08 14:07:37.281  [I]  Index controller
2022/12/08 14:08:06.068  [I]  Index controller
2022/12/08 14:08:20.868  [I]  Index controller
2022/12/08 14:08:36.403  [I]  Index controller
2022/12/08 14:08:44.058  [I]  Index controller
2022/12/08 14:08:53.469  [I]  Index controller
2022/12/08 14:10:24.168  [I]  Index controller
2022/12/08 14:10:44.954  [I]  Index controller
2022/12/08 14:10:53.992  [I]  Index controller
2022/12/08 14:10:57.946  [I]  Index controller
2022/12/08 14:11:14.209  [I]  Index controller
2022/12/08 14:11:19.867  [I]  Logged user super_admin lang:ro-RO : Salut 
2022/12/08 14:11:26.134  [I]  Logged user super_admin lang:ro-RO : Salut 
2022/12/08 14:11:26.139  [I]  Index controller
2022/12/08 14:11:32.357  [I]  Index controller
2022/12/08 14:11:54.535  [I]  Index controller
2022/12/08 14:11:57.924  [I]  Index controller
2022/12/08 14:12:34.707  [I]  Index controller
2022/12/08 14:12:46.635  [I]  Index controller
2022/12/08 14:13:08.740  [I]  Index controller
2022/12/08 14:13:38.283  [I]  Index controller
2022/12/08 14:19:29.156  [I]  Index controller
2022/12/08 14:21:03.029  [I]  Index controller
2022/12/08 14:21:25.483  [I]  Index controller
2022/12/08 14:21:57.799  [I]  Index controller
2022/12/08 14:22:36.132  [I]  Index controller
2022/12/08 14:23:26.522  [I]  Index controller
2022/12/08 14:24:50.817  [I]  Index controller
2022/12/08 14:26:06.331  [I]  Index controller
2022/12/08 14:26:39.430  [I]  Index controller
2022/12/08 14:26:51.133  [I]  Index controller
2022/12/08 14:26:59.951  [I]  Index controller
2022/12/08 14:27:09.394  [I]  Index controller
2022/12/08 14:27:13.068  [I]  Index controller
2022/12/08 14:27:13.186  [I]  Index controller
2022/12/08 14:27:19.914  [I]  Index controller
2022/12/08 14:27:22.035  [I]  Index controller
2022/12/08 14:27:22.228  [I]  Index controller
2022/12/08 14:41:55.004  [I]  Logged user super_admin lang:ro-RO : Salut 
2022/12/08 14:41:55.144  [I]  Index controller
2022/12/08 14:41:58.281  [I]  Index controller
2022/12/08 14:41:58.343  [I]  Index controller
2022/12/08 15:19:18.087  [I]  Logged user super_admin lang:ro-RO : Salut 
2022/12/08 15:19:18.099  [I]  Index controller
2022/12/08 15:25:15.211  [I]  Logged user super_admin lang:ro-RO : Salut 
2022/12/08 15:25:15.216  [I]  Index controller
2022/12/08 15:57:21.062  [I]  Logged user super_admin lang:ro-RO : Salut 
2022/12/08 15:57:21.066  [I]  Index controller
2022/12/08 15:59:59.160  [I]  Logged user super_admin lang:ro-RO : Salut 
2022/12/08 15:59:59.164  [I]  Index controller
2022/12/08 16:02:19.503  [I]  Logged user super_admin lang:ro-RO : Salut 
2022/12/08 16:02:19.514  [I]  Index controller
2022/12/08 16:02:30.874  [I]  Index controller
2022/12/08 16:17:45.435  [I]  Logged user super_admin lang:ro-RO : Salut 
2022/12/08 16:17:45.439  [I]  Index controller
2022/12/08 16:19:31.636  [I]  Logged user super_admin lang:ro-RO : Salut 
2022/12/08 16:19:31.648  [I]  Index controller
2022/12/08 16:24:00.892  [I]  Logged user super_admin lang:ro-RO : Salut 
2022/12/08 16:24:00.899  [I]  Index controller
2022/12/08 16:25:47.167  [I]  Logged user super_admin lang:ro-RO : Salut 
2022/12/08 16:25:47.172  [I]  Index controller
2022/12/08 17:24:13.288  [I]  Logged user super_admin lang:ro-RO : Salut 
2022/12/08 17:24:16.351  [I]  Index controller
2022/12/08 17:28:51.598  [I]  Logged user super_admin lang:ro-RO : Salut 
2022/12/08 17:28:51.602  [I]  Index controller
2022/12/09 10:34:17.033  [I]  Logged user super_admin lang:ro-RO : Salut 
2022/12/09 10:34:17.058  [I]  Index controller
2022/12/09 11:27:46.288  [I]  Logged user super_admin lang:ro-RO : Salut 
2022/12/09 11:27:46.292  [I]  Index controller
2022/12/09 12:08:10.701  [I]  Logged user super_admin lang:ro-RO : Salut 
2022/12/09 12:08:10.710  [I]  Index controller
2022/12/09 12:12:00.148  [I]  Logged user super_admin lang:ro-RO : Salut 
2022/12/09 12:12:00.160  [I]  Index controller
2022/12/09 13:59:39.100  [I]  Logged user super_admin lang:ro-RO : Salut 
2022/12/09 13:59:39.108  [I]  Index controller
2022/12/09 14:47:41.340  [I]  Logged user super_admin lang:ro-RO : Salut 
2022/12/09 14:47:41.347  [I]  Index controller
2022/12/09 14:56:48.982  [I]  Logged user super_admin lang:ro-RO : Salut 
2022/12/09 14:56:48.987  [I]  Index controller
2022/12/09 14:58:23.358  [I]  Logged user super_admin lang:ro-RO : Salut 
2022/12/09 14:58:23.362  [I]  Index controller
2022/12/09 15:00:48.238  [I]  Logged user super_admin lang:ro-RO : Salut 
2022/12/09 15:00:48.243  [I]  Index controller
2022/12/09 15:24:04.112  [I]  Logged user super_admin lang:ro-RO : Salut 
2022/12/09 15:24:04.117  [I]  Index controller
2022/12/09 15:26:54.261  [I]  Logged user super_admin lang:ro-RO : Salut 
2022/12/09 15:26:54.268  [I]  Index controller
2022/12/09 15:49:42.814  [I]  Logged user super_admin lang:ro-RO : Salut 
2022/12/09 15:49:42.820  [I]  Index controller
2022/12/09 15:56:52.901  [I]  Logged user super_admin lang:ro-RO : Salut 
2022/12/09 15:56:52.907  [I]  Index controller
2022/12/09 16:03:30.192  [I]  Logged user super_admin lang:ro-RO : Salut 
2022/12/09 16:03:30.197  [I]  Index controller
2022/12/09 16:07:08.136  [I]  Logged user super_admin lang:ro-RO : Salut 
2022/12/09 16:07:08.142  [I]  Index controller
2022/12/09 16:10:23.619  [I]  Logged user super_admin lang:ro-RO : Salut 
2022/12/09 16:10:23.624  [I]  Index controller
2022/12/09 16:19:26.815  [I]  Logged user super_admin lang:ro-RO : Salut 
2022/12/09 16:19:26.820  [I]  Index controller
2022/12/09 16:19:34.988  [I]  Index controller
2022/12/09 16:21:07.126  [I]  Index controller
2022/12/09 16:25:09.646  [I]  Logged user super_admin lang:ro-RO : Salut 
2022/12/09 16:25:09.651  [I]  Index controller
2022/12/09 16:29:15.397  [I]  Logged user super_admin lang:ro-RO : Salut 
2022/12/09 16:29:21.427  [I]  Logged user super_admin lang:ro-RO : Salut 
2022/12/09 16:29:21.432  [I]  Index controller
2022/12/12 10:53:21.481  [I]  Logged user super_admin lang:ro-RO : Salut 
2022/12/12 10:53:21.523  [I]  Index controller
2022/12/14 11:13:27.269  [I]  Logged user super_admin lang:ro-RO : Salut 
2022/12/14 11:13:27.280  [I]  Index controller
2022/12/14 12:16:12.270  [I]  Logged user super_admin lang:ro-RO : Salut 
2022/12/14 12:16:15.527  [I]  Index controller
2022/12/14 12:23:20.966  [I]  Logged user super_admin lang:ro-RO : Salut 
2022/12/14 12:23:24.497  [I]  Index controller
2022/12/14 12:24:52.541  [I]  Logged user super_admin lang:ro-RO : Salut 
2022/12/14 12:24:56.021  [I]  Index controller
2022/12/14 12:27:47.858  [I]  Logged user super_admin lang:ro-RO : Salut 
2022/12/14 12:27:50.284  [I]  Index controller
2022/12/14 12:31:45.944  [I]  Logged user super_admin lang:ro-RO : Salut 
2022/12/14 12:31:45.950  [I]  Index controller
2022/12/14 16:03:11.251  [I]  Logged user super_admin lang:ro-RO : Salut 
2022/12/14 16:03:11.257  [I]  Index controller
2022/12/14 16:27:19.282  [I]  Logged user super_admin lang:ro-RO : Salut 
2022/12/14 16:27:19.287  [I]  Index controller
2022/12/15 14:59:01.429  [I]  Logged user super_admin lang:ro-RO : Salut 
2022/12/15 14:59:01.451  [I]  Index controller
2022/12/20 11:54:27.062  [I]  Logged user super_admin lang:ro-RO : Salut 
2022/12/20 11:54:27.088  [I]  Index controller
2023/01/06 09:13:12.531  [I]  Logged user super_admin lang:ro-RO : Salut 
2023/01/06 09:13:12.557  [I]  Index controller
2023/01/06 09:14:40.850  [I]  Index controller
2023/01/06 10:42:33.998  [I]  Logged user super_admin lang:ro-RO : Salut 
2023/01/06 10:42:34.002  [I]  Index controller
2023/01/06 10:52:09.080  [I]  Logged user super_admin lang:ro-RO : Salut 
2023/01/06 10:52:09.087  [I]  Index controller
2023/01/06 11:14:16.814  [I]  Logged user super_admin lang:ro-RO : Salut 
2023/01/06 11:14:16.818  [I]  Index controller
2023/01/06 11:15:25.966  [I]  Logged user super_admin lang:ro-RO : Salut 
2023/01/06 11:15:25.971  [I]  Index controller
2023/01/06 13:28:20.760  [I]  Logged user super_admin lang:ro-RO : Salut 
2023/01/06 13:28:20.765  [I]  Index controller
2023/01/06 13:28:29.563  [I]  Index controller
2023/01/06 13:28:29.686  [I]  Index controller
2023/01/06 13:29:54.951  [I]  Logged user super_admin lang:ro-RO : Salut 
2023/01/06 13:29:55.006  [I]  Index controller
2023/01/06 13:35:23.223  [I]  Logged user super_admin lang:ro-RO : Salut 
2023/01/06 13:35:23.228  [I]  Index controller
2023/01/06 13:42:39.904  [I]  Logged user super_admin lang:ro-RO : Salut 
2023/01/06 13:42:39.910  [I]  Index controller
2023/01/06 13:45:07.392  [I]  Logged user super_admin lang:ro-RO : Salut 
2023/01/06 13:45:11.607  [I]  Index controller
2023/01/06 13:49:46.647  [I]  Logged user super_admin lang:ro-RO : Salut 
2023/01/06 13:49:46.692  [I]  Index controller
2023/01/06 13:51:30.097  [I]  Logged user super_admin lang:ro-RO : Salut 
2023/01/06 13:51:30.102  [I]  Index controller
2023/01/06 13:59:34.802  [I]  Logged user super_admin lang:ro-RO : Salut 
2023/01/06 13:59:34.825  [I]  Index controller
2023/01/06 14:43:42.118  [I]  Logged user super_admin lang:ro-RO : Salut 
2023/01/06 14:43:48.845  [I]  Logged user super_admin lang:ro-RO : Salut 
2023/01/06 14:43:48.850  [I]  Index controller
2023/01/06 14:47:33.608  [I]  Logged user super_admin lang:ro-RO : Salut 
2023/01/06 14:47:33.636  [I]  Index controller
2023/01/06 14:49:32.326  [I]  Logged user super_admin lang:ro-RO : Salut 
2023/01/06 14:49:32.351  [I]  Index controller
2023/01/06 15:01:05.474  [I]  Logged user super_admin lang:ro-RO : Salut 
2023/01/06 15:01:05.480  [I]  Index controller
2023/01/06 15:02:00.167  [I]  Logged user super_admin lang:ro-RO : Salut 
2023/01/06 15:02:00.172  [I]  Index controller
2023/01/06 15:24:56.536  [I]  Logged user super_admin lang:ro-RO : Salut 
2023/01/06 15:24:56.561  [I]  Index controller
2023/01/06 15:29:22.355  [I]  Logged user super_admin lang:ro-RO : Salut 
2023/01/06 15:29:22.382  [I]  Index controller
2023/01/06 15:32:44.540  [I]  Logged user super_admin lang:ro-RO : Salut 
2023/01/06 15:32:44.565  [I]  Index controller
2023/01/06 15:34:44.284  [I]  Logged user super_admin lang:ro-RO : Salut 
2023/01/06 15:34:44.324  [I]  Index controller
2023/01/06 15:49:11.124  [I]  Logged user super_admin lang:ro-RO : Salut 
2023/01/06 15:49:11.264  [I]  Index controller
2023/01/06 15:50:44.718  [I]  Index controller
2023/01/06 15:50:44.911  [I]  Index controller
2023/01/06 15:59:19.714  [I]  Logged user super_admin lang:ro-RO : Salut 
2023/01/06 15:59:19.718  [I]  Index controller
2023/01/06 16:04:23.233  [I]  Logged user super_admin lang:ro-RO : Salut 
2023/01/06 16:04:23.237  [I]  Index controller
2023/01/06 16:06:58.906  [I]  Index controller
2023/01/09 09:43:48.141  [I]  Logged user super_admin lang:ro-RO : Salut 
2023/01/09 09:43:48.162  [I]  Index controller
2023/01/09 10:31:49.801  [I]  Logged user super_admin lang:ro-RO : Salut 
2023/01/09 10:31:49.827  [I]  Index controller
2023/01/09 11:23:27.988  [I]  Logged user super_admin lang:ro-RO : Salut 
2023/01/09 11:23:28.023  [I]  Index controller
2023/01/09 11:27:38.058  [I]  Logged user super_admin lang:ro-RO : Salut 
2023/01/09 11:27:38.105  [I]  Index controller
2023/01/09 11:32:31.843  [I]  Logged user super_admin lang:ro-RO : Salut 
2023/01/09 11:32:31.848  [I]  Index controller
2023/01/09 11:34:08.335  [I]  Logged user super_admin lang:ro-RO : Salut 
2023/01/09 11:34:08.341  [I]  Index controller
2023/01/09 11:42:28.499  [I]  Logged user super_admin lang:ro-RO : Salut 
2023/01/09 11:42:28.534  [I]  Index controller
2023/01/09 12:05:08.535  [I]  Logged user super_admin lang:ro-RO : Salut 
2023/01/09 12:05:08.543  [I]  Index controller
2023/01/09 14:04:07.700  [I]  Logged user super_admin lang:ro-RO : Salut 
2023/01/09 14:04:07.706  [I]  Index controller
2023/01/09 14:16:41.442  [I]  Logged user super_admin lang:ro-RO : Salut 
2023/01/09 14:16:41.450  [I]  Index controller
2023/01/09 14:16:56.085  [I]  Index controller
2023/01/09 14:38:18.460  [I]  Logged user super_admin lang:ro-RO : Salut 
2023/01/09 14:38:18.466  [I]  Index controller
2023/01/09 14:47:19.722  [I]  Logged user super_admin lang:ro-RO : Salut 
2023/01/09 14:47:19.728  [I]  Index controller
2023/01/09 16:09:27.260  [I]  Logged user super_admin lang:ro-RO : Salut 
2023/01/09 16:09:27.268  [I]  Index controller
2023/01/09 16:14:27.455  [I]  Logged user super_admin lang:ro-RO : Salut 
2023/01/09 16:14:27.465  [I]  Index controller
2023/01/09 16:14:59.099  [I]  Index controller
2023/01/09 17:02:25.622  [I]  Logged user super_admin lang:ro-RO : Salut 
2023/01/09 17:02:25.631  [I]  Index controller
2023/01/10 15:44:04.576  [I]  Logged user super_admin lang:ro-RO : Salut 
2023/01/10 15:44:04.604  [I]  Index controller
2023/01/10 15:44:28.038  [I]  Index controller
2023/01/11 08:23:08.700  [I]  Logged user super_admin lang:ro-RO : Salut 
2023/01/11 08:23:08.719  [I]  Index controller
2023/01/11 11:39:31.324  [I]  Logged user super_admin lang:ro-RO : Salut 
2023/01/11 11:39:31.328  [I]  Index controller
2023/01/11 11:46:23.906  [I]  Index controller
2023/01/11 12:41:53.961  [I]  Logged user super_admin lang:ro-RO : Salut 
2023/01/11 12:41:53.966  [I]  Index controller
2023/01/11 12:47:57.586  [I]  Logged user super_admin lang:ro-RO : Salut 
2023/01/11 12:47:57.591  [I]  Index controller
2023/01/11 12:49:47.270  [I]  Logged user super_admin lang:ro-RO : Salut 
2023/01/11 12:49:47.276  [I]  Index controller
2023/01/11 12:51:15.872  [I]  Logged user super_admin lang:ro-RO : Salut 
2023/01/11 12:51:15.877  [I]  Index controller
2023/01/11 13:00:26.109  [I]  Logged user super_admin lang:ro-RO : Salut 
2023/01/11 13:00:26.114  [I]  Index controller
2023/01/11 13:12:38.032  [I]  Logged user super_admin lang:ro-RO : Salut 
2023/01/11 13:12:38.037  [I]  Index controller
2023/01/11 13:34:33.411  [I]  Logged user super_admin lang:ro-RO : Salut 
2023/01/11 13:34:33.415  [I]  Index controller
2023/01/11 13:59:25.223  [I]  Logged user super_admin lang:ro-RO : Salut 
2023/01/11 13:59:25.228  [I]  Index controller
2023/01/11 14:06:46.662  [I]  Logged user super_admin lang:ro-RO : Salut 
2023/01/11 14:06:46.668  [I]  Index controller
2023/01/11 14:11:05.800  [I]  Logged user super_admin lang:ro-RO : Salut 
2023/01/11 14:11:05.807  [I]  Index controller
2023/01/11 14:12:21.482  [I]  Logged user super_admin lang:ro-RO : Salut 
2023/01/11 14:12:21.487  [I]  Index controller
2023/01/11 14:15:14.864  [I]  Index controller
2023/01/11 14:49:54.119  [I]  Logged user super_admin lang:ro-RO : Salut 
2023/01/11 14:49:54.124  [I]  Index controller
2023/01/11 15:51:41.961  [I]  Logged user super_admin lang:ro-RO : Salut 
2023/01/11 15:51:41.966  [I]  Index controller
2023/01/11 16:07:32.453  [I]  Logged user super_admin lang:ro-RO : Salut 
2023/01/11 16:07:32.459  [I]  Index controller
2023/01/11 16:12:56.409  [I]  Logged user super_admin lang:ro-RO : Salut 
2023/01/11 16:12:56.419  [I]  Index controller
2023/01/11 16:20:36.190  [I]  Logged user super_admin lang:ro-RO : Salut 
2023/01/11 16:20:36.196  [I]  Index controller
2023/01/11 17:17:36.511  [I]  Logged user super_admin lang:ro-RO : Salut 
2023/01/11 17:17:36.523  [I]  Index controller
2023/01/12 08:45:54.431  [I]  Logged user super_admin lang:ro-RO : Salut 
2023/01/12 08:45:54.452  [I]  Index controller
2023/01/12 09:13:23.909  [I]  Logged user super_admin lang:ro-RO : Salut 
2023/01/12 09:13:23.915  [I]  Index controller
2023/01/12 09:32:12.679  [I]  Logged user super_admin lang:ro-RO : hi 
2023/01/12 09:32:12.684  [I]  Index controller
2023/01/12 09:32:15.634  [I]  Index controller
2023/01/12 09:39:15.854  [I]  Index controller
2023/01/12 09:40:05.524  [I]  Logged user super_admin lang:ro-RO : Salut 
2023/01/12 09:40:05.528  [I]  Index controller
2023/01/12 09:59:35.454  [I]  Logged user super_admin lang:ro-RO : Salut 
2023/01/12 09:59:35.462  [I]  Index controller
2023/01/12 10:03:58.005  [I]  Logged user super_admin lang:ro-RO : Salut 
2023/01/12 10:03:58.011  [I]  Index controller
2023/01/12 10:11:48.219  [I]  Logged user super_admin lang:ro-RO : Salut 
2023/01/12 10:11:48.228  [I]  Index controller
2023/01/12 11:41:42.730  [I]  Logged user super_admin lang:ro-RO : Salut 
2023/01/12 11:41:42.739  [I]  Index controller
2023/01/12 11:47:46.087  [I]  Logged user super_admin lang:ro-RO : Salut 
2023/01/12 11:47:46.092  [I]  Index controller
2023/01/12 11:49:58.357  [I]  Logged user super_admin lang:ro-RO : Salut 
2023/01/12 11:49:58.363  [I]  Index controller
2023/01/12 11:52:43.147  [I]  Logged user super_admin lang:ro-RO : Salut 
2023/01/12 11:52:43.152  [I]  Index controller
2023/01/12 15:51:13.162  [I]  Logged user super_admin lang:ro-RO : Salut 
2023/01/12 15:51:13.167  [I]  Index controller
2023/01/12 15:56:50.940  [I]  Logged user super_admin lang:ro-RO : Salut 
2023/01/12 15:56:56.438  [I]  Logged user super_admin lang:ro-RO : Salut 
2023/01/12 15:56:56.443  [I]  Index controller
2023/01/13 11:48:44.167  [I]  Logged user super_admin lang:ro-RO : Salut 
2023/01/13 11:48:44.192  [I]  Index controller
2023/01/13 12:41:45.396  [I]  Logged user super_admin lang:ro-RO : Salut 
2023/01/13 12:41:45.400  [I]  Index controller
2023/01/13 14:58:44.459  [I]  Logged user super_admin lang:ro-RO : Salut 
2023/01/13 14:58:44.464  [I]  Index controller
2023/01/13 15:23:55.282  [I]  Logged user super_admin lang:ro-RO : Salut 
2023/01/13 15:23:55.287  [I]  Index controller
2023/01/16 14:50:29.904  [I]  Logged user super_admin lang:ro-RO : Salut 
2023/01/16 14:50:29.970  [I]  Index controller
2023/01/16 15:54:19.775  [I]  Logged user super_admin lang:ro-RO : Salut 
2023/01/16 15:54:19.780  [I]  Index controller
2023/01/16 15:57:42.753  [I]  Logged user super_admin lang:ro-RO : Salut 
2023/01/16 15:57:42.760  [I]  Index controller
2023/01/16 16:01:55.613  [I]  Logged user super_admin lang:ro-RO : Salut 
2023/01/16 16:01:55.621  [I]  Index controller
2023/01/16 16:17:50.977  [I]  Logged user super_admin lang:ro-RO : Salut 
2023/01/16 16:17:51.002  [I]  Index controller
2023/01/17 10:24:12.437  [I]  Logged user super_admin lang:ro-RO : Salut 
2023/01/17 10:24:12.462  [I]  Index controller
2023/01/17 10:25:21.638  [I]  Logged user super_admin lang:ro-RO : Salut 
2023/01/17 10:25:21.642  [I]  Index controller
2023/01/17 11:07:42.394  [I]  Logged user super_admin lang:ro-RO : Salut 
2023/01/17 11:07:50.276  [I]  Index controller
2023/01/17 12:29:07.045  [I]  Logged user super_admin lang:ro-RO : Salut 
2023/01/17 12:29:07.789  [I]  Index controller
2023/01/17 12:32:29.612  [I]  Logged user super_admin lang:ro-RO : Salut 
2023/01/17 12:32:29.618  [I]  Index controller
2023/01/17 12:35:21.441  [I]  Logged user super_admin lang:ro-RO : Salut 
2023/01/17 12:35:21.446  [I]  Index controller
2023/01/17 12:52:48.090  [I]  Logged user super_admin lang:ro-RO : Salut 
2023/01/17 12:52:48.096  [I]  Index controller
2023/01/17 13:46:15.333  [I]  Logged user super_admin lang:ro-RO : Salut 
2023/01/17 13:46:15.338  [I]  Index controller
2023/01/17 13:51:58.873  [I]  Logged user super_admin lang:ro-RO : Salut 
2023/01/17 13:51:58.877  [I]  Index controller
2023/01/17 14:02:51.945  [I]  Logged user super_admin lang:ro-RO : Salut 
2023/01/17 14:02:51.949  [I]  Index controller
2023/01/17 14:57:53.998  [I]  Logged user super_admin lang:ro-RO : Salut 
2023/01/17 14:57:54.003  [I]  Index controller
2023/01/17 16:05:20.040  [I]  Logged user super_admin lang:ro-RO : Salut 
2023/01/17 16:05:20.051  [I]  Index controller
2023/01/18 09:27:39.569  [I]  Logged user super_admin lang:ro-RO : Salut 
2023/01/18 09:27:39.594  [I]  Index controller
2023/01/18 11:40:49.876  [I]  Logged user super_admin lang:ro-RO : Salut 
2023/01/18 11:40:49.885  [I]  Index controller
2023/01/18 11:43:02.375  [I]  Logged user super_admin lang:ro-RO : Salut 
2023/01/18 11:43:02.380  [I]  Index controller
2023/01/18 11:57:22.326  [I]  Logged user super_admin lang:ro-RO : Salut 
2023/01/18 11:57:22.331  [I]  Index controller
2023/01/18 11:58:17.782  [I]  Logged user super_admin lang:ro-RO : Salut 
2023/01/18 11:58:17.791  [I]  Index controller
2023/01/18 13:46:36.511  [I]  Logged user super_admin lang:ro-RO : Salut 
2023/01/18 13:46:36.519  [I]  Index controller
2023/01/18 13:48:37.658  [I]  Logged user super_admin lang:ro-RO : Salut 
2023/01/18 13:48:37.699  [I]  Index controller
2023/01/18 13:58:35.370  [I]  Logged user super_admin lang:ro-RO : Salut 
2023/01/18 13:58:35.376  [I]  Index controller
2023/01/18 14:06:49.348  [I]  Logged user super_admin lang:ro-RO : Salut 
2023/01/18 14:06:49.354  [I]  Index controller
2023/01/18 14:11:52.804  [I]  Logged user super_admin lang:ro-RO : Salut 
2023/01/18 14:11:52.808  [I]  Index controller
2023/01/18 14:14:28.893  [I]  Index controller
2023/01/18 14:15:35.611  [I]  Index controller
2023/01/18 14:35:32.950  [I]  Logged user super_admin lang:ro-RO : Salut 
2023/01/18 14:35:32.956  [I]  Index controller
2023/01/18 14:41:39.436  [I]  Logged user super_admin lang:ro-RO : Salut 
2023/01/18 14:41:39.442  [I]  Index controller
2023/01/18 14:50:55.108  [I]  Logged user super_admin lang:ro-RO : Salut 
2023/01/18 14:50:55.115  [I]  Index controller
2023/01/18 15:10:30.493  [I]  Logged user super_admin lang:ro-RO : Salut 
2023/01/18 15:10:30.499  [I]  Index controller
2023/01/18 15:16:57.563  [I]  Logged user super_admin lang:ro-RO : Salut 
2023/01/18 15:16:57.569  [I]  Index controller
2023/01/18 15:35:40.682  [I]  Logged user super_admin lang:ro-RO : Salut 
2023/01/18 15:35:40.688  [I]  Index controller
2023/01/18 15:40:03.934  [I]  Logged user super_admin lang:ro-RO : Salut 
2023/01/18 15:40:03.943  [I]  Index controller
2023/01/18 15:41:52.818  [I]  Logged user super_admin lang:ro-RO : Salut 
2023/01/18 15:41:52.827  [I]  Index controller
2023/01/18 15:47:56.513  [I]  Logged user super_admin lang:ro-RO : Salut 
2023/01/18 15:47:56.521  [I]  Index controller
2023/01/20 09:08:47.060  [I]  Logged user super_admin lang:ro-RO : Salut 
2023/01/20 09:08:47.086  [I]  Index controller
2023/01/20 10:50:43.521  [I]  Logged user super_admin lang:ro-RO : Salut 
2023/01/20 10:50:43.527  [I]  Index controller
2023/01/20 10:52:02.957  [I]  Logged user super_admin lang:ro-RO : Salut 
2023/01/20 10:52:02.966  [I]  Index controller
2023/01/20 11:08:37.255  [I]  Logged user super_admin lang:ro-RO : Salut 
2023/01/20 11:08:37.260  [I]  Index controller
2023/01/20 11:19:07.426  [I]  Logged user super_admin lang:ro-RO : Salut 
2023/01/20 11:19:07.432  [I]  Index controller
2023/01/20 11:54:36.265  [I]  Logged user super_admin lang:ro-RO : Salut 
2023/01/20 11:54:36.276  [I]  Index controller
2023/01/20 12:08:17.328  [I]  Logged user super_admin lang:ro-RO : Salut 
2023/01/20 12:08:17.335  [I]  Index controller
2023/01/20 13:09:46.765  [I]  Index controller
2023/01/20 13:19:38.738  [I]  Logged user super_admin lang:ro-RO : Salut 
2023/01/20 13:19:38.744  [I]  Index controller
2023/01/20 13:21:10.303  [I]  Logged user super_admin lang:ro-RO : Salut 
2023/01/20 13:21:10.320  [I]  Index controller
2023/01/20 13:31:30.111  [I]  Logged user super_admin lang:ro-RO : Salut 
2023/01/20 13:31:30.117  [I]  Index controller
2023/01/20 14:46:36.485  [I]  Logged user super_admin lang:ro-RO : Salut 
2023/01/20 14:46:36.497  [I]  Index controller
2023/01/20 14:49:55.974  [I]  Logged user super_admin lang:ro-RO : Salut 
2023/01/20 14:49:55.985  [I]  Index controller
2023/01/20 15:15:29.849  [I]  Logged user super_admin lang:ro-RO : Salut 
2023/01/20 15:15:29.856  [I]  Index controller
2023/01/20 15:18:50.439  [I]  Logged user super_admin lang:ro-RO : Salut 
2023/01/20 15:18:50.444  [I]  Index controller
2023/01/20 15:21:45.070  [I]  Logged user super_admin lang:ro-RO : Salut 
2023/01/20 15:21:45.075  [I]  Index controller
2023/01/20 15:32:30.183  [I]  Logged user super_admin lang:ro-RO : Salut 
2023/01/20 15:32:30.188  [I]  Index controller
2023/01/20 15:38:24.569  [I]  Logged user super_admin lang:ro-RO : Salut 
2023/01/20 15:38:24.578  [I]  Index controller
2023/01/20 15:51:39.535  [I]  Logged user super_admin lang:ro-RO : Salut 
2023/01/20 15:51:39.541  [I]  Index controller
2023/01/23 09:33:39.615  [I]  Logged user super_admin lang:ro-RO : Salut 
2023/01/23 09:33:39.634  [I]  Index controller
2023/01/23 10:08:17.793  [I]  Logged user super_admin lang:ro-RO : Salut 
2023/01/23 10:08:17.799  [I]  Index controller
2023/01/23 10:28:26.013  [I]  Logged user super_admin lang:ro-RO : Salut 
2023/01/23 10:28:26.019  [I]  Index controller
2023/01/23 12:11:20.727  [I]  Logged user super_admin lang:ro-RO : Salut 
2023/01/23 12:11:20.734  [I]  Index controller
2023/01/23 12:17:38.258  [I]  Logged user super_admin lang:ro-RO : Salut 
2023/01/23 12:17:38.265  [I]  Index controller
2023/01/23 12:19:08.776  [I]  Logged user super_admin lang:ro-RO : Salut 
2023/01/23 12:19:08.783  [I]  Index controller
2023/01/23 12:59:30.865  [I]  Logged user super_admin lang:ro-RO : Salut 
2023/01/23 12:59:30.873  [I]  Index controller
2023/01/23 14:42:53.265  [I]  Logged user super_admin lang:ro-RO : Salut 
2023/01/23 14:42:53.271  [I]  Index controller
2023/01/23 14:46:52.866  [I]  Logged user super_admin lang:ro-RO : Salut 
2023/01/23 14:46:52.877  [I]  Index controller
2023/01/23 15:38:59.311  [I]  Logged user super_admin lang:ro-RO : Salut 
2023/01/23 15:38:59.316  [I]  Index controller
2023/01/23 15:40:51.502  [I]  Logged user super_admin lang:ro-RO : Salut 
2023/01/23 15:40:51.508  [I]  Index controller
2023/01/23 15:49:29.532  [I]  Logged user super_admin lang:ro-RO : Salut 
2023/01/23 15:49:29.546  [I]  Index controller
2023/01/23 15:51:25.286  [I]  Logged user super_admin lang:ro-RO : Salut 
2023/01/23 15:51:25.293  [I]  Index controller
2023/01/23 16:02:38.620  [I]  Logged user super_admin lang:ro-RO : Salut 
2023/01/23 16:02:38.635  [I]  Index controller
2023/01/23 16:10:06.709  [I]  Logged user super_admin lang:ro-RO : Salut 
2023/01/23 16:10:06.719  [I]  Index controller
2023/01/23 16:14:55.856  [I]  Logged user super_admin lang:ro-RO : Salut 
2023/01/23 16:14:55.862  [I]  Index controller
2023/01/23 16:16:00.770  [I]  Logged user super_admin lang:ro-RO : Salut 
2023/01/23 16:16:00.778  [I]  Index controller
2023/01/23 16:17:52.247  [I]  Logged user super_admin lang:ro-RO : Salut 
2023/01/23 16:17:52.255  [I]  Index controller
2023/01/23 16:23:51.216  [I]  Logged user super_admin lang:ro-RO : Salut 
2023/01/23 16:23:51.224  [I]  Index controller
2023/01/23 16:33:29.569  [I]  Logged user super_admin lang:ro-RO : Salut 
2023/01/23 16:33:29.575  [I]  Index controller
2023/01/23 16:49:47.355  [I]  Logged user super_admin lang:ro-RO : Salut 
2023/01/23 16:49:47.361  [I]  Index controller
2023/01/26 13:18:17.504  [I]  Logged user super_admin lang:ro-RO : Salut 
2023/01/26 13:18:17.523  [I]  Index controller
2023/01/26 13:21:09.173  [I]  Logged user super_admin lang:ro-RO : Salut 
2023/01/26 13:21:09.178  [I]  Index controller
2023/01/26 13:22:36.090  [I]  Logged user super_admin lang:ro-RO : Salut 
2023/01/26 13:22:36.095  [I]  Index controller
2023/01/26 13:35:03.095  [I]  Logged user super_admin lang:ro-RO : Salut 
2023/01/26 13:35:03.100  [I]  Index controller
2023/01/26 13:53:53.348  [I]  Logged user super_admin lang:ro-RO : Salut 
2023/01/26 13:53:53.356  [I]  Index controller
2023/01/26 14:36:55.854  [I]  Logged user super_admin lang:ro-RO : Salut 
2023/01/26 14:36:55.864  [I]  Index controller
2023/01/26 14:44:27.591  [I]  Logged user super_admin lang:ro-RO : Salut 
2023/01/26 14:44:27.595  [I]  Index controller
2023/01/26 14:45:23.349  [I]  Logged user super_admin lang:ro-RO : Salut 
2023/01/26 14:45:23.354  [I]  Index controller
2023/01/26 14:45:37.579  [I]  Index controller
2023/01/26 15:00:06.538  [I]  Logged user super_admin lang:ro-RO : Salut 
2023/01/26 15:00:06.543  [I]  Index controller
2023/01/26 15:02:12.283  [I]  Logged user super_admin lang:ro-RO : Salut 
2023/01/26 15:02:12.288  [I]  Index controller
2023/01/26 15:34:13.892  [I]  Logged user super_admin lang:ro-RO : Salut 
2023/01/26 15:34:13.900  [I]  Index controller
2023/01/26 15:42:35.172  [I]  Logged user super_admin lang:ro-RO : Salut 
2023/01/26 15:42:35.178  [I]  Index controller
2023/01/26 15:50:44.667  [I]  Index controller
2023/01/26 15:53:06.833  [I]  Index controller
2023/01/26 17:14:59.186  [I]  Logged user super_admin lang:ro-RO : Salut 
2023/01/26 17:14:59.191  [I]  Index controller
2023/01/26 17:32:01.682  [I]  Logged user super_admin lang:ro-RO : Salut 
2023/01/26 17:32:01.687  [I]  Index controller
2023/01/26 17:35:24.199  [I]  Index controller
2023/01/26 17:37:16.264  [I]  Index controller
2023/01/26 17:37:25.923  [I]  Index controller
2023/01/26 17:37:58.099  [I]  Logged user super_admin lang:ro-RO : Salut 
2023/01/26 17:37:58.104  [I]  Index controller
2023/01/26 17:38:05.555  [I]  Index controller
2023/01/27 11:54:34.177  [I]  Logged user super_admin lang:ro-RO : Salut 
2023/01/27 11:54:34.196  [I]  Index controller
2023/01/27 14:22:35.319  [I]  Logged user super_admin lang:ro-RO : Salut 
2023/01/27 14:22:35.325  [I]  Index controller
2023/01/27 14:28:44.041  [I]  Logged user super_admin lang:ro-RO : Salut 
2023/01/27 14:28:44.046  [I]  Index controller
2023/01/27 14:36:34.204  [I]  Logged user super_admin lang:ro-RO : Salut 
2023/01/27 14:36:34.211  [I]  Index controller
2023/01/27 14:37:03.076  [I]  Index controller
2023/01/27 15:51:51.934  [I]  Logged user super_admin lang:ro-RO : Salut 
2023/01/27 15:51:51.945  [I]  Index controller
2023/01/27 15:52:14.643  [I]  Index controller
2023/01/28 13:15:09.918  [I]  Logged user super_admin lang:ro-RO : Salut 
2023/01/28 13:15:09.932  [I]  Index controller
2023/01/28 15:15:13.842  [I]  Logged user super_admin lang:ro-RO : Salut 
2023/01/28 15:15:13.861  [I]  Index controller
2023/01/28 15:15:28.475  [I]  Index controller
2023/01/28 15:45:57.670  [I]  Index controller
2023/01/28 15:51:13.186  [I]  Index controller
2023/01/28 15:51:37.776  [I]  Index controller
2023/01/28 15:52:30.170  [I]  Index controller
2023/01/28 15:52:35.245  [I]  Index controller
2023/01/28 15:53:23.050  [I]  Index controller
2023/01/28 15:59:25.724  [I]  Index controller
2023/01/28 16:01:00.485  [I]  Index controller
2023/01/28 16:01:00.622  [I]  Index controller
2023/01/28 16:02:55.898  [I]  Index controller
2023/01/28 16:02:56.024  [I]  Index controller
2023/01/28 16:04:13.494  [I]  Index controller
2023/01/28 16:05:02.819  [I]  Index controller
2023/01/28 16:06:15.566  [I]  Index controller
2023/01/28 16:09:14.850  [I]  Index controller
2023/01/28 16:10:25.027  [I]  Index controller
2023/01/28 16:58:10.294  [I]  Logged user super_admin lang:ro-RO : Salut 
2023/01/28 16:59:22.479  [I]  Index controller
2023/01/28 17:01:08.004  [I]  Index controller
2023/01/28 17:03:31.428  [I]  Logged user super_admin lang:ro-RO : Salut 
2023/01/28 17:03:31.436  [I]  Index controller
2023/01/29 16:16:50.605  [I]  Logged user super_admin lang:ro-RO : Salut 
2023/01/29 16:16:50.623  [I]  Index controller
2023/01/29 16:18:51.419  [I]  Index controller
2023/01/29 16:54:22.503  [I]  Index controller
2023/01/29 16:55:21.766  [I]  Index controller
2023/01/29 16:56:23.105  [I]  Index controller
2023/01/29 16:57:38.494  [I]  Index controller
2023/01/29 16:58:28.835  [I]  Index controller
2023/01/29 17:00:38.940  [I]  Index controller
2023/01/29 17:00:59.933  [I]  Index controller
2023/01/29 17:02:18.565  [I]  Index controller
2023/01/29 17:03:09.722  [I]  Index controller
2023/01/29 17:06:12.920  [I]  Index controller
2023/01/29 17:08:01.445  [I]  Index controller
2023/01/29 17:10:33.005  [I]  Index controller
2023/01/29 17:11:45.409  [I]  Index controller
2023/01/29 17:12:04.007  [I]  Index controller
2023/01/29 17:12:25.894  [I]  Index controller
2023/01/29 17:13:09.202  [I]  Index controller
2023/01/29 17:15:50.269  [I]  Index controller
2023/01/29 17:17:55.398  [I]  Index controller
2023/01/29 17:19:37.249  [I]  Index controller
2023/01/29 17:20:59.169  [I]  Index controller
2023/01/29 17:21:35.436  [I]  Index controller
2023/01/29 17:22:43.265  [I]  Index controller
2023/01/29 17:24:05.913  [I]  Index controller
2023/01/29 17:28:25.926  [I]  Index controller
2023/01/29 17:28:44.100  [I]  Index controller
2023/01/29 17:46:20.630  [I]  Index controller
2023/01/29 17:46:41.269  [I]  Index controller
2023/01/29 17:50:53.387  [I]  Index controller
2023/01/29 18:02:13.404  [I]  Index controller
2023/01/29 18:03:59.289  [I]  Index controller
2023/01/29 18:20:16.587  [I]  Logged user super_admin lang:ro-RO : Salut 
2023/01/29 18:20:16.594  [I]  Index controller
2023/01/29 18:26:34.825  [I]  Index controller
2023/01/29 18:37:14.177  [I]  Logged user super_admin lang:ro-RO : Salut 
2023/01/29 18:37:14.182  [I]  Index controller
2023/01/29 18:37:28.915  [I]  Index controller
2023/01/29 18:37:46.672  [I]  Index controller
2023/01/29 18:40:17.386  [I]  Index controller
2023/01/29 18:42:26.152  [I]  Index controller
2023/01/29 18:47:58.789  [I]  Index controller
2023/01/29 18:49:24.884  [I]  Logged user super_admin lang:ro-RO : Salut 
2023/01/29 18:49:24.891  [I]  Index controller
2023/01/29 18:54:56.329  [I]  Index controller
2023/01/29 19:04:10.365  [I]  Index controller
2023/01/29 19:05:02.900  [I]  Index controller
2023/01/29 19:05:14.321  [I]  Index controller
2023/01/29 19:06:20.267  [I]  Index controller
2023/01/30 08:53:54.044  [I]  Logged user super_admin lang:ro-RO : Salut 
2023/01/30 08:53:54.048  [I]  Index controller
2023/01/30 10:10:05.061  [I]  Index controller
2023/01/30 10:10:16.732  [I]  Index controller
2023/01/30 10:11:41.960  [I]  Index controller
2023/01/30 10:11:49.529  [I]  Index controller
2023/01/30 10:25:35.792  [I]  Index controller
2023/01/30 10:37:13.797  [I]  Index controller
2023/01/30 14:02:24.159  [I]  Logged user super_admin lang:ro-RO : Salut 
2023/01/30 14:02:24.164  [I]  Index controller
2023/01/30 14:03:20.604  [I]  Index controller
2023/01/30 14:05:29.696  [I]  Index controller
2023/01/30 14:07:59.551  [I]  Index controller
2023/01/30 14:13:15.830  [I]  Logged user super_admin lang:ro-RO : Salut 
2023/01/30 14:13:15.839  [I]  Index controller
2023/01/30 14:14:04.026  [I]  Index controller
2023/01/30 14:14:31.559  [I]  Index controller
2023/01/30 14:15:43.199  [I]  Index controller
2023/01/30 14:20:21.036  [I]  Logged user super_admin lang:ro-RO : Salut 
2023/01/30 14:20:21.042  [I]  Index controller
2023/01/30 14:20:46.945  [I]  Index controller
2023/01/30 14:21:10.098  [I]  Index controller
2023/01/30 14:22:09.944  [I]  Index controller
2023/01/30 14:25:03.276  [I]  Index controller
2023/01/30 14:28:15.968  [I]  Index controller
2023/01/30 14:28:52.719  [I]  Index controller
2023/01/30 14:29:03.555  [I]  Index controller
2023/01/30 14:29:47.689  [I]  Index controller
2023/01/30 14:30:11.338  [I]  Index controller
2023/01/30 14:33:43.040  [I]  Logged user super_admin lang:ro-RO : Salut 
2023/01/30 14:33:43.049  [I]  Index controller
2023/01/30 14:49:11.737  [I]  Logged user super_admin lang:ro-RO : Salut 
2023/01/30 14:49:11.743  [I]  Index controller
2023/01/30 14:49:27.441  [I]  Index controller
2023/01/30 15:03:03.633  [I]  Logged user super_admin lang:ro-RO : Salut 
2023/01/30 15:03:03.639  [I]  Index controller
2023/01/30 15:08:32.060  [I]  Logged user super_admin lang:ro-RO : Salut 
2023/01/30 15:08:32.069  [I]  Index controller
2023/01/30 15:21:55.798  [I]  Logged user super_admin lang:ro-RO : Salut 
2023/01/30 15:22:29.741  [I]  Index controller
2023/01/30 15:37:18.987  [I]  Logged user super_admin lang:ro-RO : Salut 
2023/01/30 15:37:18.993  [I]  Index controller
2023/01/30 15:56:22.504  [I]  Logged user super_admin lang:ro-RO : Salut 
2023/01/30 15:56:22.512  [I]  Index controller
2023/01/30 16:23:40.844  [I]  Index controller
2023/01/30 16:31:41.417  [I]  Logged user super_admin lang:ro-RO : Salut 
2023/01/30 16:31:41.420  [I]  Index controller
2023/01/30 16:32:46.177  [I]  Index controller
2023/02/01 14:05:18.078  [I]  Logged user super_admin lang:ro-RO : Salut 
2023/02/01 14:05:18.097  [I]  Index controller
2023/02/01 14:07:47.098  [I]  Logged user super_admin lang:ro-RO : Salut 
2023/02/01 14:07:47.101  [I]  Index controller
2023/02/01 14:12:57.973  [I]  Logged user super_admin lang:ro-RO : Salut 
2023/02/01 14:12:57.981  [I]  Index controller
2023/02/01 14:46:23.473  [I]  Logged user super_admin lang:ro-RO : Salut 
2023/02/01 14:46:23.481  [I]  Index controller
2023/02/01 14:48:30.030  [I]  Logged user super_admin lang:ro-RO : Salut 
2023/02/01 14:48:30.036  [I]  Index controller
2023/02/01 14:55:18.845  [I]  Logged user super_admin lang:ro-RO : Salut 
2023/02/01 14:55:18.849  [I]  Index controller
2023/02/01 14:56:26.660  [I]  Logged user super_admin lang:ro-RO : Salut 
2023/02/01 14:56:26.666  [I]  Index controller
2023/02/01 15:00:06.389  [I]  Logged user super_admin lang:ro-RO : Salut 
2023/02/01 15:00:06.398  [I]  Index controller
2023/02/01 15:02:09.981  [I]  Logged user super_admin lang:ro-RO : Salut 
2023/02/01 15:02:09.988  [I]  Index controller
2023/02/07 15:46:08.845  [I]  Logged user super_admin lang:ro-RO : Salut 
2023/02/07 15:46:08.930  [I]  Index controller
2023/02/08 12:22:18.021  [I]  Logged user super_admin lang:ro-RO : Salut 
2023/02/08 12:22:18.039  [I]  Index controller
2023/02/08 12:22:52.537  [I]  Logged user super_admin lang:ro-RO : Salut 
2023/02/08 12:22:52.558  [I]  Index controller
2023/02/09 09:54:08.737  [I]  Logged user super_admin lang:ro-RO : Salut 
2023/02/09 09:54:08.774  [I]  Index controller
2023/02/09 14:44:15.081  [I]  Logged user super_admin lang:ro-RO : Salut 
2023/02/09 14:44:15.085  [I]  Index controller
2023/02/09 14:45:36.456  [I]  Logged user super_admin lang:ro-RO : Salut 
2023/02/09 14:45:36.467  [I]  Index controller
2023/02/09 16:11:35.273  [I]  Logged user super_admin lang:ro-RO : Salut 
2023/02/09 16:11:35.279  [I]  Index controller
2023/02/13 14:00:26.407  [I]  Logged user super_admin lang:ro-RO : Salut 
2023/02/13 14:00:26.429  [I]  Index controller
2023/02/14 10:29:27.862  [I]  Logged user super_admin lang:ro-RO : Salut 
2023/02/14 10:29:27.880  [I]  Index controller
2023/02/16 10:52:44.939  [I]  Logged user super_admin lang:ro-RO : Salut 
2023/02/16 10:52:44.959  [I]  Index controller
2023/02/16 14:55:25.004  [I]  Logged user super_admin lang:ro-RO : Salut 
2023/02/16 14:55:25.013  [I]  Index controller
2023/02/23 13:56:47.300  [I]  Logged user super_admin lang:ro-RO : Salut 
2023/02/23 13:56:47.325  [I]  Index controller
2023/05/09 14:24:27.079  [I]  Logged user super_admin lang:ro-RO : Salut 
2023/05/09 14:24:27.095  [I]  Index controller
2023/05/16 13:14:18.495  [I]  Logged user super_admin lang:ro-RO : Salut 
2023/05/16 13:14:18.658  [I]  Index controller
2023/05/16 13:26:29.121  [I]  Index controller
2023/05/16 15:07:52.221  [I]  Index controller
2023/05/16 15:30:42.025  [I]  Logged user super_admin lang:ro-RO : Salut 
2023/05/16 15:30:42.029  [I]  Index controller
2023/05/26 11:17:56.798  [I]  Logged user super_admin lang:ro-RO : Salut 
2023/05/26 11:17:56.818  [I]  Index controller
2023/05/26 12:59:15.837  [I]  Logged user super_admin lang:ro-RO : Salut 
2023/05/26 12:59:15.845  [I]  Index controller
2023/05/26 13:00:12.747  [I]  Index controller
2023/05/30 14:21:03.059  [I]  Logged user super_admin lang:ro-RO : Salut 
2023/05/30 14:21:03.132  [I]  Index controller
2023/05/30 14:31:49.658  [I]  Logged user super_admin lang:ro-RO : Salut 
2023/05/30 14:31:49.675  [I]  Index controller
